This is pdfTeX, Version 3.1415926-1.40.10 (TeX Live 2009/Debian) (format=pdflatex 2012.10.5)  3 NOV 2012 23:25
entering extended mode
 %&-line parsing enabled.
**untitled-1.tex
(./untitled-1.tex
LaTeX2e <2009/09/24>
Babel <v3.8l> and hyphenation patterns for english, usenglishmax, dumylang, noh
yphenation, loaded.
(/usr/share/texmf-texlive/tex/latex/base/article.cls
Document Class: article 2007/10/19 v1.4h Standard LaTeX document class
(/usr/share/texmf-texlive/tex/latex/base/size12.clo
File: size12.clo 2007/10/19 v1.4h Standard LaTeX file (size option)
)
\c@part=\count79
\c@section=\count80
\c@subsection=\count81
\c@subsubsection=\count82
\c@paragraph=\count83
\c@subparagraph=\count84
\c@figure=\count85
\c@table=\count86
\abovecaptionskip=\skip41
\belowcaptionskip=\skip42
\bibindent=\dimen102
)
(/usr/share/texmf-texlive/tex/latex/amsmath/amsmath.sty
Package: amsmath 2000/07/18 v2.13 AMS math features
\@mathmargin=\skip43

For additional information on amsmath, use the `?' option.
(/usr/share/texmf-texlive/tex/latex/amsmath/amstext.sty
Package: amstext 2000/06/29 v2.01

(/usr/share/texmf-texlive/tex/latex/amsmath/amsgen.sty
File: amsgen.sty 1999/11/30 v2.0
\@emptytoks=\toks14
\ex@=\dimen103
))
(/usr/share/texmf-texlive/tex/latex/amsmath/amsbsy.sty
Package: amsbsy 1999/11/29 v1.2d
\pmbraise@=\dimen104
)
(/usr/share/texmf-texlive/tex/latex/amsmath/amsopn.sty
Package: amsopn 1999/12/14 v2.01 operator names
)
\inf@bad=\count87
LaTeX Info: Redefining \frac on input line 211.
\uproot@=\count88
\leftroot@=\count89
LaTeX Info: Redefining \overline on input line 307.
\classnum@=\count90
\DOTSCASE@=\count91
LaTeX Info: Redefining \ldots on input line 379.
LaTeX Info: Redefining \dots on input line 382.
LaTeX Info: Redefining \cdots on input line 467.
\Mathstrutbox@=\box26
\strutbox@=\box27
\big@size=\dimen105
LaTeX Font Info:    Redeclaring font encoding OML on input line 567.
LaTeX Font Info:    Redeclaring font encoding OMS on input line 568.
\macc@depth=\count92
\c@MaxMatrixCols=\count93
\dotsspace@=\muskip10
\c@parentequation=\count94
\dspbrk@lvl=\count95
\tag@help=\toks15
\row@=\count96
\column@=\count97
\maxfields@=\count98
\andhelp@=\toks16
\eqnshift@=\dimen106
\alignsep@=\dimen107
\tagshift@=\dimen108
\tagwidth@=\dimen109
\totwidth@=\dimen110
\lineht@=\dimen111
\@envbody=\toks17
\multlinegap=\skip44
\multlinetaggap=\skip45
\mathdisplay@stack=\toks18
LaTeX Info: Redefining \[ on input line 2666.
LaTeX Info: Redefining \] on input line 2667.
) (./untitled-1.aux)
\openout1 = `untitled-1.aux'.

LaTeX Font Info:    Checking defaults for OML/cmm/m/it on input line 9.
LaTeX Font Info:    ... okay on input line 9.
LaTeX Font Info:    Checking defaults for T1/cmr/m/n on input line 9.
LaTeX Font Info:    ... okay on input line 9.
LaTeX Font Info:    Checking defaults for OT1/cmr/m/n on input line 9.
LaTeX Font Info:    ... okay on input line 9.
LaTeX Font Info:    Checking defaults for OMS/cmsy/m/n on input line 9.
LaTeX Font Info:    ... okay on input line 9.
LaTeX Font Info:    Checking defaults for OMX/cmex/m/n on input line 9.
LaTeX Font Info:    ... okay on input line 9.
LaTeX Font Info:    Checking defaults for U/cmr/m/n on input line 9.
LaTeX Font Info:    ... okay on input line 9.

[1

{/var/lib/texmf/fonts/map/pdftex/updmap/pdftex.map}] [2]
Underfull \hbox (badness 10000) in paragraph at lines 80--85

 []


Underfull \hbox (badness 10000) in paragraph at lines 80--85

 []


Underfull \hbox (badness 10000) in paragraph at lines 80--85

 []

[3]
Underfull \hbox (badness 10000) in paragraph at lines 102--107

 []


Underfull \hbox (badness 10000) in paragraph at lines 102--107

 []

[4] [5] [6]
Overfull \hbox (0.55396pt too wide) detected at line 164
\OML/cmm/m/it/12 C[]H\OMS/cmsy/m/n/12 j\OT1/cmr/m/n/12 00 \OML/cmm/m/it/12 >\OT
1/cmr/m/n/12 = [][\OMS/cmsy/m/n/12 j\OT1/cmr/m/n/12 00 \OML/cmm/m/it/12 > \OT1/
cmr/m/n/12 +\OMS/cmsy/m/n/12 j\OT1/cmr/m/n/12 01 \OML/cmm/m/it/12 > \OT1/cmr/m/
n/12 +\OMS/cmsy/m/n/12 j\OT1/cmr/m/n/12 1 \OML/cmm/m/it/12 > []\OT1/cmr/m/n/12 
(\OMS/cmsy/m/n/12 j\OT1/cmr/m/n/12 0 \OML/cmm/m/it/12 > \OT1/cmr/m/n/12 +\OMS/c
msy/m/n/12 j\OT1/cmr/m/n/12 1 \OML/cmm/m/it/12 >\OT1/cmr/m/n/12 ) + \OMS/cmsy/m
/n/12 j\OT1/cmr/m/n/12 1 \OML/cmm/m/it/12 > []\OT1/cmr/m/n/12 (\OMS/cmsy/m/n/12
 j\OT1/cmr/m/n/12 0 \OML/cmm/m/it/12 > \OMS/cmsy/m/n/12 ^^@j\OT1/cmr/m/n/12 1 \
OML/cmm/m/it/12 >\OT1/cmr/m/n/12 ]
 []

[7] [8] (./untitled-1.aux) ) 
Here is how much of TeX's memory you used:
 838 strings out of 495061
 9245 string characters out of 1182621
 62294 words of memory out of 3000000
 4071 multiletter control sequences out of 15000+50000
 9973 words of font info for 36 fonts, out of 3000000 for 9000
 28 hyphenation exceptions out of 8191
 27i,10n,20p,297b,194s stack positions out of 5000i,500n,10000p,200000b,50000s
</usr/share/texmf-texlive/fonts/type1/public/amsfon
ts/cm/cmbx12.pfb></usr/share/texmf-texlive/fonts/type1/public/amsfonts/cm/cmex1
0.pfb></usr/share/texmf-texlive/fonts/type1/public/amsfonts/cm/cmmi12.pfb></usr
/share/texmf-texlive/fonts/type1/public/amsfonts/cm/cmmi6.pfb></usr/share/texmf
-texlive/fonts/type1/public/amsfonts/cm/cmmi8.pfb></usr/share/texmf-texlive/fon
ts/type1/public/amsfonts/cm/cmr12.pfb></usr/share/texmf-texlive/fonts/type1/pub
lic/amsfonts/cm/cmr17.pfb></usr/share/texmf-texlive/fonts/type1/public/amsfonts
/cm/cmr6.pfb></usr/share/texmf-texlive/fonts/type1/public/amsfonts/cm/cmr8.pfb>
</usr/share/texmf-texlive/fonts/type1/public/amsfonts/cm/cmsy10.pfb></usr/share
/texmf-texlive/fonts/type1/public/amsfonts/cm/cmsy8.pfb></usr/share/texmf-texli
ve/fonts/type1/public/amsfonts/cm/cmti12.pfb>
Output written on untitled-1.pdf (8 pages, 147168 bytes).
PDF statistics:
 77 PDF objects out of 1000 (max. 8388607)
 0 named destinations out of 1000 (max. 500000)
 1 words of extra memory for PDF output out of 10000 (max. 10000000)

